[2018-03-15 09:04:40] local.ERROR: Command "cache" is not defined.

Did you mean one of these?
    cache:clear
    cache:forget
    cache:table
    config:cache
    route:cache {"exception":"[object] (Symfony\\Component\\Console\\Exception\\CommandNotFoundException(code: 0): Command \"cache\" is not defined.

Did you mean one of these?
    cache:clear
    cache:forget
    cache:table
    config:cache
    route:cache at /Applications/XAMPP/xamppfiles/htdocs/vendor/symfony/console/Application.php:611)
[stacktrace]
#0 /Applications/XAMPP/xamppfiles/htdocs/vendor/symfony/console/Application.php(224): Symfony\\Component\\Console\\Application->find('cache')
#1 /Applications/XAMPP/xamppfiles/htdocs/vendor/symfony/console/Application.php(143): Symfony\\Component\\Console\\Application->doRun(Object(Symfony\\Component\\Console\\Input\\ArgvInput), Object(Symfony\\Component\\Console\\Output\\ConsoleOutput))
#2 /Applications/XAMPP/xamppfiles/htdocs/vendor/laravel/framework/src/Illuminate/Console/Application.php(88): Symfony\\Component\\Console\\Application->run(Object(Symfony\\Component\\Console\\Input\\ArgvInput), Object(Symfony\\Component\\Console\\Output\\ConsoleOutput))
#3 /Applications/XAMPP/xamppfiles/htdocs/vendor/laravel/framework/src/Illuminate/Foundation/Console/Kernel.php(121): Illuminate\\Console\\Application->run(Object(Symfony\\Component\\Console\\Input\\ArgvInput), Object(Symfony\\Component\\Console\\Output\\ConsoleOutput))
#4 /Applications/XAMPP/xamppfiles/htdocs/artisan(37): Illuminate\\Foundation\\Console\\Kernel->handle(Object(Symfony\\Component\\Console\\Input\\ArgvInput), Object(Symfony\\Component\\Console\\Output\\ConsoleOutput))
#5 {main}
"} 
